# JRE version: Java(TM) SE Runtime Environment (8.0_91-b14) (build 1.8.0_91-b14)
# Java VM: Java HotSpot(TM) Server VM (25.91-b14 mixed mode linux-x86 )
Heap:
 PSYoungGen      total 71936K, used 56885K [0x9c8c0000, 0xa5b40000, 0xa7000000)
  eden space 65536K, 86% used [0x9c8c0000,0xa004d408,0xa08c0000)
  from space 6400K, 0% used [0xa08c0000,0xa08c0000,0xa0f00000)
  to   space 9472K, 0% used [0xa5200000,0xa5200000,0xa5b40000)
 ParOldGen       total 37632K, used 18759K [0x87a00000, 0x89ec0000, 0x9c8c0000)
  object space 37632K, 49% used [0x87a00000,0x88c51eb0,0x89ec0000)
 Metaspace       used 15740K, capacity 15934K, committed 16024K, reserved 16688K
GC Heap History (10 events):
Event: 1.886 GC heap before
{Heap before GC invocations=4 (full 0):
 PSYoungGen      total 17664K, used 17657K [0x9c8c0000, 0x9eb40000, 0xa7000000)
  eden space 16384K, 100% used [0x9c8c0000,0x9d8c0000,0x9d8c0000)
  from space 1280K, 99% used [0x9d8c0000,0x9d9fe438,0x9da00000)
  to   space 1280K, 0% used [0x9ea00000,0x9ea00000,0x9eb40000)
 ParOldGen       total 22016K, used 3788K [0x87a00000, 0x88f80000, 0x9c8c0000)
  object space 22016K, 17% used [0x87a00000,0x87db3398,0x88f80000)
 Metaspace       used 7208K, capacity 7289K, committed 7320K, reserved 7472K
Event: 1.902 GC heap after
Heap after GC invocations=4 (full 0):
 PSYoungGen      total 34048K, used 1264K [0x9c8c0000, 0x9eb40000, 0xa7000000)
  eden space 32768K, 0% used [0x9c8c0000,0x9c8c0000,0x9e8c0000)
  from space 1280K, 98% used [0x9ea00000,0x9eb3c040,0x9eb40000)
  to   space 1280K, 0% used [0x9e8c0000,0x9e8c0000,0x9ea00000)
 ParOldGen       total 22016K, used 6840K [0x87a00000, 0x88f80000, 0x9c8c0000)
  object space 22016K, 31% used [0x87a00000,0x880ae1d8,0x88f80000)
 Metaspace       used 7208K, capacity 7289K, committed 7320K, reserved 7472K
}
Event: 3.483 GC heap before
{Heap before GC invocations=5 (full 0):
 PSYoungGen      total 34048K, used 34032K [0x9c8c0000, 0x9eb40000, 0xa7000000)
  eden space 32768K, 100% used [0x9c8c0000,0x9e8c0000,0x9e8c0000)
  from space 1280K, 98% used [0x9ea00000,0x9eb3c040,0x9eb40000)
  to   space 1280K, 0% used [0x9e8c0000,0x9e8c0000,0x9ea00000)
 ParOldGen       total 22016K, used 6840K [0x87a00000, 0x88f80000, 0x9c8c0000)
  object space 22016K, 31% used [0x87a00000,0x880ae1d8,0x88f80000)
 Metaspace       used 9951K, capacity 10028K, committed 10136K, reserved 10544K
Event: 3.522 GC heap after
Heap after GC invocations=5 (full 0):
 PSYoungGen      total 34048K, used 1266K [0x9c8c0000, 0xa15c0000, 0xa7000000)
  eden space 32768K, 0% used [0x9c8c0000,0x9c8c0000,0x9e8c0000)
  from space 1280K, 98% used [0x9e8c0000,0x9e9fc880,0x9ea00000)
  to   space 6656K, 0% used [0xa0f40000,0xa0f40000,0xa15c0000)
 ParOldGen       total 22016K, used 12059K [0x87a00000, 0x88f80000, 0x9c8c0000)
  object space 22016K, 54% used [0x87a00000,0x885c6c20,0x88f80000)
 Metaspace       used 9951K, capacity 10028K, committed 10136K, reserved 10544K
}
Event: 4.611 GC heap before
{Heap before GC invocations=6 (full 0):
 PSYoungGen      total 34048K, used 34034K [0x9c8c0000, 0xa15c0000, 0xa7000000)
  eden space 32768K, 100% used [0x9c8c0000,0x9e8c0000,0x9e8c0000)
  from space 1280K, 98% used [0x9e8c0000,0x9e9fc880,0x9ea00000)
  to   space 6656K, 0% used [0xa0f40000,0xa0f40000,0xa15c0000)
 ParOldGen       total 22016K, used 12059K [0x87a00000, 0x88f80000, 0x9c8c0000)
  object space 22016K, 54% used [0x87a00000,0x885c6c20,0x88f80000)
 Metaspace       used 10395K, capacity 10516K, committed 10648K, reserved 11568K
Event: 4.641 GC heap after
Heap after GC invocations=6 (full 0):
 PSYoungGen      total 71680K, used 3764K [0x9c8c0000, 0xa1540000, 0xa7000000)
  eden space 65536K, 0% used [0x9c8c0000,0x9c8c0000,0xa08c0000)
  from space 6144K, 61% used [0xa0f40000,0xa12ed308,0xa1540000)
  to   space 6400K, 0% used [0xa08c0000,0xa08c0000,0xa0f00000)
 ParOldGen       total 22016K, used 12063K [0x87a00000, 0x88f80000, 0x9c8c0000)
  object space 22016K, 54% used [0x87a00000,0x885c7c20,0x88f80000)
 Metaspace       used 10395K, capacity 10516K, committed 10648K, reserved 11568K
}
Event: 6.905 GC heap before
{Heap before GC invocations=7 (full 0):
 PSYoungGen      total 71680K, used 69300K [0x9c8c0000, 0xa1540000, 0xa7000000)
  eden space 65536K, 100% used [0x9c8c0000,0xa08c0000,0xa08c0000)
  from space 6144K, 61% used [0xa0f40000,0xa12ed308,0xa1540000)
  to   space 6400K, 0% used [0xa08c0000,0xa08c0000,0xa0f00000)
 ParOldGen       total 22016K, used 12063K [0x87a00000, 0x88f80000, 0x9c8c0000)
  object space 22016K, 54% used [0x87a00000,0x885c7c20,0x88f80000)
 Metaspace       used 14302K, capacity 14479K, committed 14616K, reserved 14640K
Event: 6.961 GC heap after
Heap after GC invocations=7 (full 0):
 PSYoungGen      total 71936K, used 6395K [0x9c8c0000, 0xa5b40000, 0xa7000000)
  eden space 65536K, 0% used [0x9c8c0000,0x9c8c0000,0xa08c0000)
  from space 6400K, 99% used [0xa08c0000,0xa0efed30,0xa0f00000)
  to   space 9472K, 0% used [0xa5200000,0xa5200000,0xa5b40000)
 ParOldGen       total 22016K, used 16539K [0x87a00000, 0x88f80000, 0x9c8c0000)
  object space 22016K, 75% used [0x87a00000,0x88a26fd0,0x88f80000)
 Metaspace       used 14302K, capacity 14479K, committed 14616K, reserved 14640K
}
Event: 6.961 GC heap before
{Heap before GC invocations=8 (full 1):
 PSYoungGen      total 71936K, used 6395K [0x9c8c0000, 0xa5b40000, 0xa7000000)
  eden space 65536K, 0% used [0x9c8c0000,0x9c8c0000,0xa08c0000)
  from space 6400K, 99% used [0xa08c0000,0xa0efed30,0xa0f00000)
  to   space 9472K, 0% used [0xa5200000,0xa5200000,0xa5b40000)
 ParOldGen       total 22016K, used 16539K [0x87a00000, 0x88f80000, 0x9c8c0000)
  object space 22016K, 75% used [0x87a00000,0x88a26fd0,0x88f80000)
 Metaspace       used 14302K, capacity 14479K, committed 14616K, reserved 14640K
Event: 7.141 GC heap after
Heap after GC invocations=8 (full 1):
 PSYoungGen      total 71936K, used 0K [0x9c8c0000, 0xa5b40000, 0xa7000000)
  eden space 65536K, 0% used [0x9c8c0000,0x9c8c0000,0xa08c0000)
  from space 6400K, 0% used [0xa08c0000,0xa08c0000,0xa0f00000)
  to   space 9472K, 0% used [0xa5200000,0xa5200000,0xa5b40000)
 ParOldGen       total 37632K, used 18759K [0x87a00000, 0x89ec0000, 0x9c8c0000)
  object space 37632K, 49% used [0x87a00000,0x88c51eb0,0x89ec0000)
 Metaspace       used 14302K, capacity 14479K, committed 14616K, reserved 14640K
}

