# JRE version: Java(TM) SE Runtime Environment (8.0_91-b14) (build 1.8.0_91-b14)
# Java VM: Java HotSpot(TM) Server VM (25.91-b14 mixed mode linux-x86 )
Heap:
 PSYoungGen      total 144640K, used 30851K [0x9c8c0000, 0xa7000000, 0xa7000000)
  eden space 120064K, 25% used [0x9c8c0000,0x9e6e0cd8,0xa3e00000)
  from space 24576K, 0% used [0xa5800000,0xa5800000,0xa7000000)
  to   space 25600K, 0% used [0xa3e00000,0xa3e00000,0xa5700000)
 ParOldGen       total 63488K, used 26034K [0x87a00000, 0x8b800000, 0x9c8c0000)
  object space 63488K, 41% used [0x87a00000,0x8936c968,0x8b800000)
 Metaspace       used 28600K, capacity 28946K, committed 29056K, reserved 30000K
GC Heap History (10 events):
Event: 8.002 GC heap before
{Heap before GC invocations=9 (full 1):
 PSYoungGen      total 133376K, used 7679K [0x9c8c0000, 0xa6240000, 0xa7000000)
  eden space 125696K, 0% used [0x9c8c0000,0x9c8c0000,0xa4380000)
  from space 7680K, 99% used [0xa5040000,0xa57bfe68,0xa57c0000)
  to   space 13056K, 0% used [0xa4380000,0xa4380000,0xa5040000)
 ParOldGen       total 22528K, used 22315K [0x87a00000, 0x89000000, 0x9c8c0000)
  object space 22528K, 99% used [0x87a00000,0x88fcad70,0x89000000)
 Metaspace       used 14405K, capacity 14669K, committed 14744K, reserved 15664K
Event: 8.185 GC heap after
Heap after GC invocations=9 (full 1):
 PSYoungGen      total 133376K, used 2471K [0x9c8c0000, 0xa6240000, 0xa7000000)
  eden space 125696K, 0% used [0x9c8c0000,0x9c8c0000,0xa4380000)
  from space 7680K, 32% used [0xa5040000,0xa52a9ed8,0xa57c0000)
  to   space 13056K, 0% used [0xa4380000,0xa4380000,0xa5040000)
 ParOldGen       total 42496K, used 22489K [0x87a00000, 0x8a380000, 0x9c8c0000)
  object space 42496K, 52% used [0x87a00000,0x88ff6498,0x8a380000)
 Metaspace       used 14405K, capacity 14669K, committed 14744K, reserved 15664K
}
Event: 66.861 GC heap before
{Heap before GC invocations=10 (full 1):
 PSYoungGen      total 133376K, used 128159K [0x9c8c0000, 0xa6240000, 0xa7000000)
  eden space 125696K, 99% used [0x9c8c0000,0xa437df30,0xa4380000)
  from space 7680K, 32% used [0xa5040000,0xa52a9ed8,0xa57c0000)
  to   space 13056K, 0% used [0xa4380000,0xa4380000,0xa5040000)
 ParOldGen       total 42496K, used 22489K [0x87a00000, 0x8a380000, 0x9c8c0000)
  object space 42496K, 52% used [0x87a00000,0x88ff6498,0x8a380000)
 Metaspace       used 16212K, capacity 16522K, committed 16664K, reserved 16688K
Event: 66.998 GC heap after
Heap after GC invocations=10 (full 1):
 PSYoungGen      total 138752K, used 13042K [0x9c8c0000, 0xa7000000, 0xa7000000)
  eden space 125696K, 0% used [0x9c8c0000,0x9c8c0000,0xa4380000)
  from space 13056K, 99% used [0xa4380000,0xa503ca08,0xa5040000)
  to   space 24576K, 0% used [0xa5800000,0xa5800000,0xa7000000)
 ParOldGen       total 45568K, used 45465K [0x87a00000, 0x8a680000, 0x9c8c0000)
  object space 45568K, 99% used [0x87a00000,0x8a666550,0x8a680000)
 Metaspace       used 16212K, capacity 16522K, committed 16664K, reserved 16688K
}
Event: 66.998 GC heap before
{Heap before GC invocations=11 (full 2):
 PSYoungGen      total 138752K, used 13042K [0x9c8c0000, 0xa7000000, 0xa7000000)
  eden space 125696K, 0% used [0x9c8c0000,0x9c8c0000,0xa4380000)
  from space 13056K, 99% used [0xa4380000,0xa503ca08,0xa5040000)
  to   space 24576K, 0% used [0xa5800000,0xa5800000,0xa7000000)
 ParOldGen       total 45568K, used 45465K [0x87a00000, 0x8a680000, 0x9c8c0000)
  object space 45568K, 99% used [0x87a00000,0x8a666550,0x8a680000)
 Metaspace       used 16212K, capacity 16522K, committed 16664K, reserved 16688K
Event: 67.253 GC heap after
Heap after GC invocations=11 (full 2):
 PSYoungGen      total 138752K, used 0K [0x9c8c0000, 0xa7000000, 0xa7000000)
  eden space 125696K, 0% used [0x9c8c0000,0x9c8c0000,0xa4380000)
  from space 13056K, 0% used [0xa4380000,0xa4380000,0xa5040000)
  to   space 24576K, 0% used [0xa5800000,0xa5800000,0xa7000000)
 ParOldGen       total 74752K, used 42433K [0x87a00000, 0x8c300000, 0x9c8c0000)
  object space 74752K, 56% used [0x87a00000,0x8a370688,0x8c300000)
 Metaspace       used 16212K, capacity 16522K, committed 16664K, reserved 16688K
}
Event: 72.689 GC heap before
{Heap before GC invocations=12 (full 2):
 PSYoungGen      total 138752K, used 110157K [0x9c8c0000, 0xa7000000, 0xa7000000)
  eden space 125696K, 87% used [0x9c8c0000,0xa3453570,0xa4380000)
  from space 13056K, 0% used [0xa4380000,0xa4380000,0xa5040000)
  to   space 24576K, 0% used [0xa5800000,0xa5800000,0xa7000000)
 ParOldGen       total 74752K, used 42433K [0x87a00000, 0x8c300000, 0x9c8c0000)
  object space 74752K, 56% used [0x87a00000,0x8a370688,0x8c300000)
 Metaspace       used 27409K, capacity 27715K, committed 27776K, reserved 27952K
Event: 72.746 GC heap after
Heap after GC invocations=12 (full 2):
 PSYoungGen      total 144640K, used 15988K [0x9c8c0000, 0xa7000000, 0xa7000000)
  eden space 120064K, 0% used [0x9c8c0000,0x9c8c0000,0xa3e00000)
  from space 24576K, 65% used [0xa5800000,0xa679d1b8,0xa7000000)
  to   space 25600K, 0% used [0xa3e00000,0xa3e00000,0xa5700000)
 ParOldGen       total 74752K, used 42437K [0x87a00000, 0x8c300000, 0x9c8c0000)
  object space 74752K, 56% used [0x87a00000,0x8a371688,0x8c300000)
 Metaspace       used 27409K, capacity 27715K, committed 27776K, reserved 27952K
}
Event: 72.746 GC heap before
{Heap before GC invocations=13 (full 3):
 PSYoungGen      total 144640K, used 15988K [0x9c8c0000, 0xa7000000, 0xa7000000)
  eden space 120064K, 0% used [0x9c8c0000,0x9c8c0000,0xa3e00000)
  from space 24576K, 65% used [0xa5800000,0xa679d1b8,0xa7000000)
  to   space 25600K, 0% used [0xa3e00000,0xa3e00000,0xa5700000)
 ParOldGen       total 74752K, used 42437K [0x87a00000, 0x8c300000, 0x9c8c0000)
  object space 74752K, 56% used [0x87a00000,0x8a371688,0x8c300000)
 Metaspace       used 27409K, capacity 27715K, committed 27776K, reserved 27952K
Event: 72.938 GC heap after
Heap after GC invocations=13 (full 3):
 PSYoungGen      total 144640K, used 0K [0x9c8c0000, 0xa7000000, 0xa7000000)
  eden space 120064K, 0% used [0x9c8c0000,0x9c8c0000,0xa3e00000)
  from space 24576K, 0% used [0xa5800000,0xa5800000,0xa7000000)
  to   space 25600K, 0% used [0xa3e00000,0xa3e00000,0xa5700000)
 ParOldGen       total 63488K, used 26034K [0x87a00000, 0x8b800000, 0x9c8c0000)
  object space 63488K, 41% used [0x87a00000,0x8936c968,0x8b800000)
 Metaspace       used 27409K, capacity 27715K, committed 27776K, reserved 27952K
}

